Namespace(exp_name='geoai', model='dgcnn', dataset='S3DIS', test_area='4', batch_size=16, test_batch_size=8, epochs=250, use_sgd=False, lr=0.001, step_size=10, lr_decay=0.7, momentum=0.9, scheduler='cos', no_cuda=False, seed=1, eval=False, num_points=4096, dropout=0.5, emb_dims=1024, k=20, model_root='')
Using GPU : 0 from 1 devices
Train 0, loss: 0.188931, train acc: 0.920772, train avg acc: 0.879718, train iou: 0.794466
Test 0, loss: 0.276285, test acc: 0.885568, test avg acc: 0.901751, test iou: 0.792886
Train 1, loss: 0.143587, train acc: 0.941451, train avg acc: 0.912918, train iou: 0.843282
Test 1, loss: 0.194550, test acc: 0.917548, test avg acc: 0.909836, test iou: 0.840956
Train 2, loss: 0.134040, train acc: 0.945458, train avg acc: 0.918565, train iou: 0.852904
Test 2, loss: 0.204253, test acc: 0.914161, test avg acc: 0.925370, test iou: 0.839529
Train 3, loss: 0.122718, train acc: 0.950352, train avg acc: 0.925776, train iou: 0.864924
Test 3, loss: 0.172626, test acc: 0.930368, test avg acc: 0.936184, test iou: 0.866797
Train 4, loss: 0.115473, train acc: 0.953442, train avg acc: 0.930147, train iou: 0.872590
Test 4, loss: 0.184417, test acc: 0.926421, test avg acc: 0.934092, test iou: 0.860159
Train 5, loss: 0.112432, train acc: 0.954618, train avg acc: 0.932125, train iou: 0.875595
Test 5, loss: 0.167618, test acc: 0.930015, test avg acc: 0.936662, test iou: 0.866319
Train 6, loss: 0.110268, train acc: 0.955459, train avg acc: 0.933563, train iou: 0.877760
Test 6, loss: 0.179617, test acc: 0.924199, test avg acc: 0.928461, test iou: 0.855610
Train 7, loss: 0.109363, train acc: 0.955843, train avg acc: 0.934138, train iou: 0.878726
Test 7, loss: 0.150843, test acc: 0.938224, test avg acc: 0.939230, test iou: 0.879991
Train 8, loss: 0.107696, train acc: 0.956444, train avg acc: 0.935010, train iou: 0.880233
Test 8, loss: 0.148150, test acc: 0.938860, test avg acc: 0.942528, test iou: 0.881635
Train 9, loss: 0.105875, train acc: 0.957145, train avg acc: 0.936039, train iou: 0.882005
Test 9, loss: 0.174177, test acc: 0.929880, test avg acc: 0.936872, test iou: 0.866141
Train 10, loss: 0.106047, train acc: 0.957115, train avg acc: 0.936106, train iou: 0.881952
Test 10, loss: 0.153600, test acc: 0.937417, test avg acc: 0.940436, test iou: 0.878908
Train 11, loss: 0.104605, train acc: 0.957629, train avg acc: 0.936799, train iou: 0.883248
Test 11, loss: 0.159510, test acc: 0.936821, test avg acc: 0.940391, test iou: 0.877933
Train 12, loss: 0.104903, train acc: 0.957492, train avg acc: 0.936730, train iou: 0.882932
Test 12, loss: 0.149647, test acc: 0.939547, test avg acc: 0.942753, test iou: 0.882799
Train 13, loss: 0.103873, train acc: 0.957909, train avg acc: 0.937344, train iou: 0.883988
Test 13, loss: 0.153727, test acc: 0.936136, test avg acc: 0.940200, test iou: 0.876788
Train 14, loss: 0.102956, train acc: 0.958338, train avg acc: 0.937918, train iou: 0.885073
Test 14, loss: 0.164707, test acc: 0.931421, test avg acc: 0.939004, test iou: 0.868976
Train 15, loss: 0.102618, train acc: 0.958456, train avg acc: 0.938142, train iou: 0.885389
Test 15, loss: 0.206499, test acc: 0.921523, test avg acc: 0.930666, test iou: 0.851859
Train 16, loss: 0.101918, train acc: 0.958768, train avg acc: 0.938604, train iou: 0.886175
Test 16, loss: 0.169749, test acc: 0.930557, test avg acc: 0.938464, test iou: 0.867498
Train 17, loss: 0.101567, train acc: 0.958911, train avg acc: 0.938776, train iou: 0.886539
Test 17, loss: 0.156673, test acc: 0.936552, test avg acc: 0.940616, test iou: 0.877537
Train 18, loss: 0.101516, train acc: 0.958896, train avg acc: 0.938879, train iou: 0.886531
Test 18, loss: 0.143219, test acc: 0.940942, test avg acc: 0.942747, test iou: 0.885084
Train 19, loss: 0.101441, train acc: 0.958891, train avg acc: 0.938823, train iou: 0.886493
Test 19, loss: 0.160360, test acc: 0.934796, test avg acc: 0.940472, test iou: 0.874667
Train 20, loss: 0.101021, train acc: 0.959096, train avg acc: 0.939154, train iou: 0.887026
Test 20, loss: 0.146235, test acc: 0.939402, test avg acc: 0.943063, test iou: 0.882616
Train 21, loss: 0.100633, train acc: 0.959256, train avg acc: 0.939352, train iou: 0.887433
Test 21, loss: 0.153122, test acc: 0.940291, test avg acc: 0.942870, test iou: 0.884038
Train 22, loss: 0.100081, train acc: 0.959378, train avg acc: 0.939628, train iou: 0.887763
Test 22, loss: 0.152533, test acc: 0.940274, test avg acc: 0.941744, test iou: 0.883805
Train 23, loss: 0.100602, train acc: 0.959249, train avg acc: 0.939492, train iou: 0.887454
Test 23, loss: 0.152912, test acc: 0.936452, test avg acc: 0.942158, test iou: 0.877644
Train 24, loss: 0.099671, train acc: 0.959611, train avg acc: 0.940101, train iou: 0.888381
Test 24, loss: 0.177901, test acc: 0.928252, test avg acc: 0.937257, test iou: 0.863610
Train 25, loss: 0.099619, train acc: 0.959598, train avg acc: 0.940063, train iou: 0.888350
Test 25, loss: 0.152916, test acc: 0.939211, test avg acc: 0.941292, test iou: 0.881985
Train 26, loss: 0.099219, train acc: 0.959782, train avg acc: 0.940291, train iou: 0.888812
Test 26, loss: 0.135240, test acc: 0.944031, test avg acc: 0.946432, test iou: 0.890837
Train 27, loss: 0.099623, train acc: 0.959599, train avg acc: 0.940009, train iou: 0.888336
Test 27, loss: 0.162328, test acc: 0.933229, test avg acc: 0.940311, test iou: 0.872109
Train 28, loss: 0.098916, train acc: 0.959750, train avg acc: 0.940286, train iou: 0.888732
Test 28, loss: 0.153751, test acc: 0.935290, test avg acc: 0.940653, test iou: 0.875499
Train 29, loss: 0.099702, train acc: 0.959580, train avg acc: 0.940004, train iou: 0.888284
Test 29, loss: 0.161219, test acc: 0.934107, test avg acc: 0.939110, test iou: 0.873315
Train 30, loss: 0.098437, train acc: 0.959981, train avg acc: 0.940654, train iou: 0.889321
Test 30, loss: 0.193198, test acc: 0.924809, test avg acc: 0.932811, test iou: 0.857389
Train 31, loss: 0.098606, train acc: 0.959910, train avg acc: 0.940554, train iou: 0.889155
Test 31, loss: 0.162895, test acc: 0.933324, test avg acc: 0.940162, test iou: 0.872236
Train 32, loss: 0.099139, train acc: 0.959795, train avg acc: 0.940351, train iou: 0.888857
Test 32, loss: 0.154450, test acc: 0.937418, test avg acc: 0.941747, test iou: 0.879146
Train 33, loss: 0.098080, train acc: 0.960148, train avg acc: 0.940874, train iou: 0.889750
Test 33, loss: 0.187483, test acc: 0.919848, test avg acc: 0.930966, test iou: 0.849292
Train 34, loss: 0.097874, train acc: 0.960245, train avg acc: 0.941129, train iou: 0.890025
Test 34, loss: 0.186463, test acc: 0.925310, test avg acc: 0.934762, test iou: 0.858518
Train 35, loss: nan, train acc: 0.890400, train avg acc: 0.763150, train iou: 0.694355
Test 35, loss: nan, test acc: 0.601160, test avg acc: 0.500000, test iou: 0.300580
Train 36, loss: nan, train acc: 0.787163, train avg acc: 0.500000, train iou: 0.393581
Test 36, loss: nan, test acc: 0.601160, test avg acc: 0.500000, test iou: 0.300580
Train 37, loss: nan, train acc: 0.787181, train avg acc: 0.500000, train iou: 0.393590
Test 37, loss: nan, test acc: 0.601160, test avg acc: 0.500000, test iou: 0.300580
Train 38, loss: nan, train acc: 0.787268, train avg acc: 0.500000, train iou: 0.393634
Test 38, loss: nan, test acc: 0.601160, test avg acc: 0.500000, test iou: 0.300580
Train 39, loss: nan, train acc: 0.787168, train avg acc: 0.500000, train iou: 0.393584
Test 39, loss: nan, test acc: 0.601160, test avg acc: 0.500000, test iou: 0.300580
Train 40, loss: nan, train acc: 0.787181, train avg acc: 0.500000, train iou: 0.393591
Test 40, loss: nan, test acc: 0.601160, test avg acc: 0.500000, test iou: 0.300580
Train 41, loss: nan, train acc: 0.787225, train avg acc: 0.500000, train iou: 0.393612
Test 41, loss: nan, test acc: 0.601160, test avg acc: 0.500000, test iou: 0.300580
Train 42, loss: nan, train acc: 0.787203, train avg acc: 0.500000, train iou: 0.393602
Test 42, loss: nan, test acc: 0.601160, test avg acc: 0.500000, test iou: 0.300580
Train 43, loss: nan, train acc: 0.787206, train avg acc: 0.500000, train iou: 0.393603
Test 43, loss: nan, test acc: 0.601160, test avg acc: 0.500000, test iou: 0.300580
Train 44, loss: nan, train acc: 0.787223, train avg acc: 0.500000, train iou: 0.393612
Test 44, loss: nan, test acc: 0.601160, test avg acc: 0.500000, test iou: 0.300580
Train 45, loss: nan, train acc: 0.787214, train avg acc: 0.500000, train iou: 0.393607
Test 45, loss: nan, test acc: 0.601160, test avg acc: 0.500000, test iou: 0.300580
Train 46, loss: nan, train acc: 0.787168, train avg acc: 0.500000, train iou: 0.393584
Test 46, loss: nan, test acc: 0.601160, test avg acc: 0.500000, test iou: 0.300580
Train 47, loss: nan, train acc: 0.787221, train avg acc: 0.500000, train iou: 0.393611
Test 47, loss: nan, test acc: 0.601160, test avg acc: 0.500000, test iou: 0.300580
Train 48, loss: nan, train acc: 0.787231, train avg acc: 0.500000, train iou: 0.393616
Test 48, loss: nan, test acc: 0.601160, test avg acc: 0.500000, test iou: 0.300580
Train 49, loss: nan, train acc: 0.787223, train avg acc: 0.500000, train iou: 0.393611
Test 49, loss: nan, test acc: 0.601160, test avg acc: 0.500000, test iou: 0.300580
Train 50, loss: nan, train acc: 0.787193, train avg acc: 0.500000, train iou: 0.393597
Test 50, loss: nan, test acc: 0.601160, test avg acc: 0.500000, test iou: 0.300580
Train 51, loss: nan, train acc: 0.787193, train avg acc: 0.500000, train iou: 0.393596
Test 51, loss: nan, test acc: 0.601160, test avg acc: 0.500000, test iou: 0.300580
Train 52, loss: nan, train acc: 0.787220, train avg acc: 0.500000, train iou: 0.393610
Test 52, loss: nan, test acc: 0.601160, test avg acc: 0.500000, test iou: 0.300580
Train 53, loss: nan, train acc: 0.787207, train avg acc: 0.500000, train iou: 0.393604
Test 53, loss: nan, test acc: 0.601160, test avg acc: 0.500000, test iou: 0.300580
Train 54, loss: nan, train acc: 0.787205, train avg acc: 0.500000, train iou: 0.393603
Test 54, loss: nan, test acc: 0.601160, test avg acc: 0.500000, test iou: 0.300580
Train 55, loss: nan, train acc: 0.787220, train avg acc: 0.500000, train iou: 0.393610
Test 55, loss: nan, test acc: 0.601160, test avg acc: 0.500000, test iou: 0.300580
Train 56, loss: nan, train acc: 0.787211, train avg acc: 0.500000, train iou: 0.393605
Test 56, loss: nan, test acc: 0.601160, test avg acc: 0.500000, test iou: 0.300580
Train 57, loss: nan, train acc: 0.787208, train avg acc: 0.500000, train iou: 0.393604
Test 57, loss: nan, test acc: 0.601160, test avg acc: 0.500000, test iou: 0.300580
Train 58, loss: nan, train acc: 0.787226, train avg acc: 0.500000, train iou: 0.393613
Test 58, loss: nan, test acc: 0.601160, test avg acc: 0.500000, test iou: 0.300580
Train 59, loss: nan, train acc: 0.787213, train avg acc: 0.500000, train iou: 0.393607
Test 59, loss: nan, test acc: 0.601160, test avg acc: 0.500000, test iou: 0.300580
Train 60, loss: nan, train acc: 0.787191, train avg acc: 0.500000, train iou: 0.393596
Test 60, loss: nan, test acc: 0.601160, test avg acc: 0.500000, test iou: 0.300580
Train 61, loss: nan, train acc: 0.787215, train avg acc: 0.500000, train iou: 0.393607
Test 61, loss: nan, test acc: 0.601160, test avg acc: 0.500000, test iou: 0.300580
Train 62, loss: nan, train acc: 0.787193, train avg acc: 0.500000, train iou: 0.393597
Test 62, loss: nan, test acc: 0.601160, test avg acc: 0.500000, test iou: 0.300580
Train 63, loss: nan, train acc: 0.787193, train avg acc: 0.500000, train iou: 0.393596
Test 63, loss: nan, test acc: 0.601160, test avg acc: 0.500000, test iou: 0.300580
Train 64, loss: nan, train acc: 0.787210, train avg acc: 0.500000, train iou: 0.393605
Test 64, loss: nan, test acc: 0.601160, test avg acc: 0.500000, test iou: 0.300580
Train 65, loss: nan, train acc: 0.787258, train avg acc: 0.500000, train iou: 0.393629
Test 65, loss: nan, test acc: 0.601160, test avg acc: 0.500000, test iou: 0.300580
Train 66, loss: nan, train acc: 0.787192, train avg acc: 0.500000, train iou: 0.393596
Test 66, loss: nan, test acc: 0.601160, test avg acc: 0.500000, test iou: 0.300580
Train 67, loss: nan, train acc: 0.787182, train avg acc: 0.500000, train iou: 0.393591
Test 67, loss: nan, test acc: 0.601160, test avg acc: 0.500000, test iou: 0.300580
Train 68, loss: nan, train acc: 0.787212, train avg acc: 0.500000, train iou: 0.393606
Test 68, loss: nan, test acc: 0.601160, test avg acc: 0.500000, test iou: 0.300580
Train 69, loss: nan, train acc: 0.787213, train avg acc: 0.500000, train iou: 0.393606
Test 69, loss: nan, test acc: 0.601160, test avg acc: 0.500000, test iou: 0.300580
Train 70, loss: nan, train acc: 0.787223, train avg acc: 0.500000, train iou: 0.393611
Test 70, loss: nan, test acc: 0.601160, test avg acc: 0.500000, test iou: 0.300580
Train 71, loss: nan, train acc: 0.787221, train avg acc: 0.500000, train iou: 0.393610
Test 71, loss: nan, test acc: 0.601160, test avg acc: 0.500000, test iou: 0.300580
