Namespace(exp_name='dgcnn_sem_seg', model='dgcnn', dataset='S3DIS', test_area='2', batch_size=32, test_batch_size=16, epochs=100, use_sgd=False, lr=0.001, step_size=10, lr_decay=0.7, momentum=0.9, scheduler='cos', no_cuda=False, seed=1, eval=False, num_points=4096, dropout=0.5, emb_dims=1024, k=20, model_root='')
Using GPU : 0 from 1 devices
Train 0, loss: 0.185977, train acc: 0.923640, train avg acc: 0.884913, train iou: 0.798581
Test 0, loss: 0.194884, test acc: 0.917695, test avg acc: 0.922907, test iou: 0.786781
Train 1, loss: 0.131544, train acc: 0.947779, train avg acc: 0.920905, train iou: 0.856113
Test 1, loss: 0.156188, test acc: 0.931890, test avg acc: 0.881865, test iou: 0.800993
Train 2, loss: 0.121271, train acc: 0.951713, train avg acc: 0.926442, train iou: 0.865878
Test 2, loss: 0.150052, test acc: 0.935146, test avg acc: 0.906075, test iou: 0.814918
Train 3, loss: 0.117186, train acc: 0.953404, train avg acc: 0.928919, train iou: 0.870166
Test 3, loss: 0.259486, test acc: 0.879835, test avg acc: 0.905718, test iou: 0.721712
Train 4, loss: 0.113802, train acc: 0.954513, train avg acc: 0.930799, train iou: 0.873042
Test 4, loss: 0.172872, test acc: 0.922867, test avg acc: 0.928557, test iou: 0.797630
Train 5, loss: 0.109346, train acc: 0.956402, train avg acc: 0.933563, train iou: 0.877875
Test 5, loss: 0.165078, test acc: 0.929223, test avg acc: 0.876383, test iou: 0.793956
Train 6, loss: 0.106857, train acc: 0.957330, train avg acc: 0.934880, train iou: 0.880220
Test 6, loss: 0.145022, test acc: 0.937853, test avg acc: 0.866106, test iou: 0.807837
Train 7, loss: 0.107881, train acc: 0.956877, train avg acc: 0.933999, train iou: 0.879024
Test 7, loss: 0.162301, test acc: 0.927592, test avg acc: 0.931328, test iou: 0.807146
Train 8, loss: 0.103362, train acc: 0.958762, train avg acc: 0.936806, train iou: 0.883899
Test 8, loss: 0.145038, test acc: 0.935039, test avg acc: 0.907877, test iou: 0.815218
Train 9, loss: 0.102437, train acc: 0.959123, train avg acc: 0.937341, train iou: 0.884826
Test 9, loss: 0.231406, test acc: 0.901994, test avg acc: 0.918825, test iou: 0.759132
Train 10, loss: 0.102303, train acc: 0.959211, train avg acc: 0.937395, train iou: 0.885042
Test 10, loss: 0.194943, test acc: 0.914038, test avg acc: 0.917325, test iou: 0.778817
Train 11, loss: 0.100545, train acc: 0.959912, train avg acc: 0.938405, train iou: 0.886859
Test 11, loss: 0.210510, test acc: 0.902656, test avg acc: 0.892177, test iou: 0.752284
Train 12, loss: 0.099444, train acc: 0.960250, train avg acc: 0.939071, train iou: 0.887761
Test 12, loss: 0.281672, test acc: 0.860538, test avg acc: 0.875990, test iou: 0.686474
Train 13, loss: 0.098473, train acc: 0.960575, train avg acc: 0.939470, train iou: 0.888601
Test 13, loss: 0.165798, test acc: 0.924030, test avg acc: 0.868814, test iou: 0.781492
Train 14, loss: 0.096798, train acc: 0.961183, train avg acc: 0.940575, train iou: 0.890234
Test 14, loss: 0.167875, test acc: 0.920544, test avg acc: 0.893022, test iou: 0.783092
Namespace(exp_name='dgcnn_sem_seg', model='dgcnn', dataset='S3DIS', test_area='2', batch_size=16, test_batch_size=8, epochs=86, use_sgd=False, lr=0.001, step_size=10, lr_decay=0.7, momentum=0.9, scheduler='cos', no_cuda=False, seed=1, eval=False, num_points=4096, dropout=0.5, emb_dims=1024, k=20, model_root='log/sem_seg/dgcnn_sem_seg/checkpoint/')
Using GPU : 0 from 1 devices
Train 0, loss: 0.113048, train acc: 0.955280, train avg acc: 0.931181, train iou: 0.874814
Test 0, loss: 0.168479, test acc: 0.928935, test avg acc: 0.891265, test iou: 0.798221
Train 1, loss: 0.110032, train acc: 0.956427, train avg acc: 0.932687, train iou: 0.877734
Test 1, loss: 0.181751, test acc: 0.918535, test avg acc: 0.912135, test iou: 0.785232
Train 2, loss: 0.106640, train acc: 0.957617, train avg acc: 0.934597, train iou: 0.880815
Test 2, loss: 0.144378, test acc: 0.936388, test avg acc: 0.909391, test iou: 0.818377
Train 3, loss: 0.105891, train acc: 0.958065, train avg acc: 0.935372, train iou: 0.882010
Test 3, loss: 0.257616, test acc: 0.883154, test avg acc: 0.910034, test iou: 0.727754
Train 4, loss: 0.103711, train acc: 0.958935, train avg acc: 0.936760, train iou: 0.884286
Test 4, loss: 0.153572, test acc: 0.933903, test avg acc: 0.915401, test iou: 0.815068
Train 5, loss: 0.103196, train acc: 0.959001, train avg acc: 0.936774, train iou: 0.884447
Test 5, loss: 0.204658, test acc: 0.906309, test avg acc: 0.921842, test iou: 0.767017
Namespace(exp_name='dgcnn_sem_seg', model='dgcnn', dataset='S3DIS', test_area='2', batch_size=32, test_batch_size=16, epochs=79, use_sgd=False, lr=0.001, step_size=10, lr_decay=0.7, momentum=0.9, scheduler='cos', no_cuda=False, seed=1, eval=False, num_points=4096, dropout=0.5, emb_dims=1024, k=20, model_root='log/sem_seg/dgcnn_sem_seg/checkpoint/')
Using GPU : 0 from 1 devices
Train 0, loss: 0.100433, train acc: 0.959975, train avg acc: 0.938451, train iou: 0.887002
Test 0, loss: 0.201525, test acc: 0.903959, test avg acc: 0.908103, test iou: 0.759233
Train 1, loss: 0.097795, train acc: 0.960881, train avg acc: 0.939722, train iou: 0.889368
Test 1, loss: 0.160169, test acc: 0.929750, test avg acc: 0.882946, test iou: 0.797145
Train 2, loss: 0.097044, train acc: 0.961171, train avg acc: 0.940214, train iou: 0.890123
Test 2, loss: 0.161107, test acc: 0.928314, test avg acc: 0.884257, test iou: 0.794793
Train 3, loss: 0.096922, train acc: 0.961191, train avg acc: 0.940300, train iou: 0.890201
Test 3, loss: 0.196029, test acc: 0.913626, test avg acc: 0.920741, test iou: 0.779066
Train 4, loss: 0.095544, train acc: 0.961740, train avg acc: 0.941394, train iou: 0.891695
Test 4, loss: 0.174895, test acc: 0.924181, test avg acc: 0.919822, test iou: 0.797663
Train 5, loss: 0.095106, train acc: 0.961902, train avg acc: 0.941381, train iou: 0.892077
Test 5, loss: 0.206338, test acc: 0.902836, test avg acc: 0.908383, test iou: 0.757491
Train 6, loss: 0.094140, train acc: 0.962217, train avg acc: 0.941964, train iou: 0.892902
Test 6, loss: 0.146891, test acc: 0.936955, test avg acc: 0.911275, test iou: 0.820060
Train 7, loss: 0.094222, train acc: 0.962237, train avg acc: 0.941974, train iou: 0.892961
Test 7, loss: 0.192548, test acc: 0.907166, test avg acc: 0.878587, test iou: 0.755259
Train 8, loss: 0.093100, train acc: 0.962550, train avg acc: 0.942516, train iou: 0.893805
Test 8, loss: 0.185677, test acc: 0.915180, test avg acc: 0.901071, test iou: 0.776037
Train 9, loss: 0.092258, train acc: 0.962856, train avg acc: 0.942936, train iou: 0.894594
Test 9, loss: 0.250150, test acc: 0.874834, test avg acc: 0.864328, test iou: 0.701830
Train 10, loss: 0.092307, train acc: 0.962906, train avg acc: 0.943155, train iou: 0.894756
Test 10, loss: 0.161655, test acc: 0.929386, test avg acc: 0.921476, test iou: 0.807921
Train 11, loss: 0.092747, train acc: 0.962775, train avg acc: 0.942822, train iou: 0.894386
Test 11, loss: 0.184001, test acc: 0.915979, test avg acc: 0.914696, test iou: 0.781449
Train 12, loss: 0.091867, train acc: 0.962975, train avg acc: 0.943340, train iou: 0.894945
Test 12, loss: 0.217628, test acc: 0.896123, test avg acc: 0.897494, test iou: 0.743584
Train 13, loss: 0.090766, train acc: 0.963310, train avg acc: 0.943866, train iou: 0.895840
Test 13, loss: 0.176609, test acc: 0.917587, test avg acc: 0.881370, test iou: 0.774039
Train 14, loss: 0.090038, train acc: 0.963565, train avg acc: 0.944363, train iou: 0.896539
Test 14, loss: 0.170146, test acc: 0.920936, test avg acc: 0.867276, test iou: 0.775254
Train 15, loss: 0.090984, train acc: 0.963217, train avg acc: 0.943684, train iou: 0.895577
Test 15, loss: 0.141723, test acc: 0.942704, test avg acc: 0.895075, test iou: 0.827451
Train 16, loss: 0.090499, train acc: 0.963334, train avg acc: 0.943968, train iou: 0.895922
Test 16, loss: 0.259158, test acc: 0.875404, test avg acc: 0.900199, test iou: 0.713823
Train 17, loss: 0.089283, train acc: 0.963882, train avg acc: 0.944784, train iou: 0.897377
Test 17, loss: 0.199304, test acc: 0.917484, test avg acc: 0.857690, test iou: 0.765604
Train 18, loss: 0.088482, train acc: 0.964239, train avg acc: 0.945412, train iou: 0.898320
Test 18, loss: 0.174887, test acc: 0.920496, test avg acc: 0.874892, test iou: 0.777088
Train 19, loss: 0.089033, train acc: 0.963844, train avg acc: 0.944718, train iou: 0.897245
Test 19, loss: 0.274899, test acc: 0.910244, test avg acc: 0.777954, test iou: 0.717785
Train 20, loss: 0.090119, train acc: 0.963566, train avg acc: 0.944330, train iou: 0.896543
Test 20, loss: 0.196579, test acc: 0.912811, test avg acc: 0.902080, test iou: 0.772240
Train 21, loss: 0.088697, train acc: 0.964087, train avg acc: 0.945072, train iou: 0.897905
Test 21, loss: 0.219677, test acc: 0.897635, test avg acc: 0.866147, test iou: 0.735736
Train 22, loss: 0.088116, train acc: 0.964392, train avg acc: 0.945612, train iou: 0.898738
Test 22, loss: 0.184941, test acc: 0.920481, test avg acc: 0.882659, test iou: 0.779655
Train 23, loss: 0.088125, train acc: 0.964314, train avg acc: 0.945459, train iou: 0.898513
Test 23, loss: 0.159872, test acc: 0.933337, test avg acc: 0.889782, test iou: 0.806395
Train 24, loss: 0.087435, train acc: 0.964529, train avg acc: 0.945936, train iou: 0.899119
Test 24, loss: 0.204491, test acc: 0.911353, test avg acc: 0.913940, test iou: 0.773242
Train 25, loss: 0.087261, train acc: 0.964610, train avg acc: 0.946033, train iou: 0.899322
Test 25, loss: 0.203788, test acc: 0.901702, test avg acc: 0.890335, test iou: 0.750171
Train 26, loss: 0.086501, train acc: 0.964905, train avg acc: 0.946504, train iou: 0.900122
Test 26, loss: 0.217376, test acc: 0.902294, test avg acc: 0.889574, test iou: 0.750882
Train 27, loss: 0.087761, train acc: 0.964469, train avg acc: 0.945747, train iou: 0.898934
Test 27, loss: 0.170464, test acc: 0.929936, test avg acc: 0.887059, test iou: 0.798832
Train 28, loss: 0.086373, train acc: 0.964890, train avg acc: 0.946593, train iou: 0.900085
Test 28, loss: 0.219858, test acc: 0.890214, test avg acc: 0.885475, test iou: 0.730818
Train 29, loss: 0.085950, train acc: 0.965095, train avg acc: 0.946893, train iou: 0.900631
Test 29, loss: 0.204433, test acc: 0.904340, test avg acc: 0.886566, test iou: 0.753232
Train 30, loss: 0.086208, train acc: 0.964908, train avg acc: 0.946557, train iou: 0.900138
Test 30, loss: 0.221004, test acc: 0.892437, test avg acc: 0.895020, test iou: 0.737155
Train 31, loss: 0.085781, train acc: 0.965162, train avg acc: 0.947165, train iou: 0.900845
Test 31, loss: 0.282073, test acc: 0.864969, test avg acc: 0.856351, test iou: 0.685933
Train 32, loss: 0.086400, train acc: 0.964969, train avg acc: 0.946556, train iou: 0.900258
Test 32, loss: 0.205060, test acc: 0.905651, test avg acc: 0.877190, test iou: 0.752298
Train 33, loss: 0.085625, train acc: 0.965200, train avg acc: 0.947026, train iou: 0.900908
Test 33, loss: 0.198477, test acc: 0.910419, test avg acc: 0.862638, test iou: 0.755185
Train 34, loss: 0.085253, train acc: 0.965339, train avg acc: 0.947396, train iou: 0.901299
Test 34, loss: 0.351104, test acc: 0.898315, test avg acc: 0.750680, test iou: 0.684351
Train 35, loss: 0.085063, train acc: 0.965496, train avg acc: 0.947464, train iou: 0.901698
Test 35, loss: 0.164574, test acc: 0.924465, test avg acc: 0.913603, test iou: 0.796439
Train 36, loss: 0.084957, train acc: 0.965426, train avg acc: 0.947606, train iou: 0.901558
Test 36, loss: 0.184510, test acc: 0.915426, test avg acc: 0.859380, test iou: 0.762600
Train 37, loss: 0.084411, train acc: 0.965653, train avg acc: 0.947821, train iou: 0.902134
Test 37, loss: 0.264938, test acc: 0.884173, test avg acc: 0.813738, test iou: 0.695794
Train 38, loss: 0.084370, train acc: 0.965582, train avg acc: 0.947802, train iou: 0.901962
Test 38, loss: 0.267064, test acc: 0.872407, test avg acc: 0.878592, test iou: 0.703122
Train 39, loss: 0.084459, train acc: 0.965668, train avg acc: 0.947925, train iou: 0.902153
Test 39, loss: 0.252362, test acc: 0.870877, test avg acc: 0.835684, test iou: 0.686416
Train 40, loss: 0.084459, train acc: 0.965617, train avg acc: 0.947866, train iou: 0.902048
Test 40, loss: 0.182710, test acc: 0.919383, test avg acc: 0.884885, test iou: 0.778399
Train 41, loss: 0.084144, train acc: 0.965679, train avg acc: 0.947902, train iou: 0.902213
Test 41, loss: 0.272796, test acc: 0.874850, test avg acc: 0.879313, test iou: 0.706716
Train 42, loss: 0.083635, train acc: 0.965981, train avg acc: 0.948404, train iou: 0.903022
Test 42, loss: 0.182641, test acc: 0.919000, test avg acc: 0.866199, test iou: 0.771375
Train 43, loss: 0.083484, train acc: 0.965989, train avg acc: 0.948410, train iou: 0.903040
Test 43, loss: 0.218556, test acc: 0.907272, test avg acc: 0.841333, test iou: 0.741962
Train 44, loss: 0.084174, train acc: 0.965773, train avg acc: 0.948139, train iou: 0.902484
Test 44, loss: 0.234001, test acc: 0.891829, test avg acc: 0.892924, test iou: 0.735587
Train 45, loss: 0.083712, train acc: 0.965898, train avg acc: 0.948360, train iou: 0.902816
Test 45, loss: 0.314522, test acc: 0.835318, test avg acc: 0.864672, test iou: 0.651890
Train 46, loss: 0.082974, train acc: 0.966183, train avg acc: 0.948817, train iou: 0.903584
Test 46, loss: 0.240155, test acc: 0.879372, test avg acc: 0.873527, test iou: 0.711190
Train 47, loss: 0.083018, train acc: 0.966188, train avg acc: 0.948693, train iou: 0.903575
Test 47, loss: 0.337513, test acc: 0.832244, test avg acc: 0.820225, test iou: 0.634104
Train 48, loss: 0.082938, train acc: 0.966150, train avg acc: 0.948672, train iou: 0.903468
Test 48, loss: 0.244556, test acc: 0.897329, test avg acc: 0.802418, test iou: 0.709813
Train 49, loss: 0.082749, train acc: 0.966291, train avg acc: 0.948905, train iou: 0.903850
Test 49, loss: 0.252941, test acc: 0.880337, test avg acc: 0.864725, test iou: 0.709633
Train 50, loss: 0.083379, train acc: 0.966004, train avg acc: 0.948652, train iou: 0.903121
Test 50, loss: 0.277191, test acc: 0.855895, test avg acc: 0.865704, test iou: 0.677305
Train 51, loss: 0.082500, train acc: 0.966344, train avg acc: 0.949082, train iou: 0.904015
Test 51, loss: 0.217084, test acc: 0.894009, test avg acc: 0.874565, test iou: 0.733014
Train 52, loss: 0.081755, train acc: 0.966656, train avg acc: 0.949472, train iou: 0.904826
Test 52, loss: 0.250567, test acc: 0.886898, test avg acc: 0.846256, test iou: 0.712489
Train 53, loss: 0.082409, train acc: 0.966386, train avg acc: 0.949135, train iou: 0.904113
Test 53, loss: 0.191849, test acc: 0.917689, test avg acc: 0.878753, test iou: 0.773350
Train 54, loss: 0.082669, train acc: 0.966303, train avg acc: 0.949022, train iou: 0.903904
Test 54, loss: 0.242567, test acc: 0.901749, test avg acc: 0.825319, test iou: 0.726616
Train 55, loss: 0.082016, train acc: 0.966569, train avg acc: 0.949424, train iou: 0.904619
Test 55, loss: 0.230571, test acc: 0.887623, test avg acc: 0.891963, test iou: 0.728980
Train 56, loss: 0.081454, train acc: 0.966768, train avg acc: 0.949856, train iou: 0.905149
Test 56, loss: 0.212012, test acc: 0.902926, test avg acc: 0.834621, test iou: 0.732281
Train 57, loss: 0.082141, train acc: 0.966578, train avg acc: 0.949328, train iou: 0.904598
Test 57, loss: 0.274799, test acc: 0.867921, test avg acc: 0.896434, test iou: 0.702404
Train 58, loss: 0.081599, train acc: 0.966689, train avg acc: 0.949565, train iou: 0.904923
Test 58, loss: 0.260295, test acc: 0.882588, test avg acc: 0.872025, test iou: 0.715275
Train 59, loss: 0.081510, train acc: 0.966733, train avg acc: 0.949725, train iou: 0.905065
Test 59, loss: 0.323862, test acc: 0.864334, test avg acc: 0.784276, test iou: 0.657219
Train 60, loss: 0.082501, train acc: 0.966261, train avg acc: 0.949003, train iou: 0.903797
Test 60, loss: 0.316671, test acc: 0.852257, test avg acc: 0.881867, test iou: 0.677633
Train 61, loss: 0.081594, train acc: 0.966746, train avg acc: 0.949778, train iou: 0.905108
Test 61, loss: 0.208696, test acc: 0.913097, test avg acc: 0.794269, test iou: 0.730886
Train 62, loss: 0.080866, train acc: 0.967008, train avg acc: 0.950189, train iou: 0.905808
Test 62, loss: 0.217673, test acc: 0.914547, test avg acc: 0.841005, test iou: 0.754089
Train 63, loss: 0.080954, train acc: 0.967011, train avg acc: 0.950265, train iou: 0.905822
Test 63, loss: 0.166227, test acc: 0.927625, test avg acc: 0.906256, test iou: 0.800252
Train 64, loss: 0.081114, train acc: 0.966944, train avg acc: 0.949984, train iou: 0.905616
Test 64, loss: 0.555210, test acc: 0.860059, test avg acc: 0.683246, test iou: 0.596887
Train 65, loss: 0.081108, train acc: 0.966909, train avg acc: 0.950044, train iou: 0.905538
Test 65, loss: 0.240742, test acc: 0.896706, test avg acc: 0.873731, test iou: 0.736884
Train 66, loss: 0.082077, train acc: 0.966541, train avg acc: 0.949357, train iou: 0.904529
Test 66, loss: 0.162284, test acc: 0.933225, test avg acc: 0.922435, test iou: 0.815647
Train 67, loss: 0.080444, train acc: 0.967172, train avg acc: 0.950485, train iou: 0.906244
Test 67, loss: 0.222663, test acc: 0.898776, test avg acc: 0.861411, test iou: 0.735852
Train 68, loss: 0.081018, train acc: 0.966989, train avg acc: 0.950157, train iou: 0.905759
Test 68, loss: 0.399427, test acc: 0.813692, test avg acc: 0.759295, test iou: 0.592086
Train 69, loss: 0.080624, train acc: 0.967107, train avg acc: 0.950312, train iou: 0.906067
Test 69, loss: 0.305344, test acc: 0.842900, test avg acc: 0.863228, test iou: 0.660479
Train 70, loss: 0.080656, train acc: 0.967111, train avg acc: 0.950350, train iou: 0.906082
Test 70, loss: 0.162660, test acc: 0.929853, test avg acc: 0.890015, test iou: 0.799604
Train 71, loss: 0.080548, train acc: 0.967148, train avg acc: 0.950461, train iou: 0.906189
Test 71, loss: 0.252449, test acc: 0.891745, test avg acc: 0.782828, test iou: 0.692358
Train 72, loss: 0.080750, train acc: 0.967037, train avg acc: 0.950269, train iou: 0.905878
Test 72, loss: 0.526061, test acc: 0.752924, test avg acc: 0.802875, test iou: 0.549488
Train 73, loss: 0.080107, train acc: 0.967334, train avg acc: 0.950819, train iou: 0.906701
Test 73, loss: 0.220757, test acc: 0.902672, test avg acc: 0.835159, test iou: 0.732095
Train 74, loss: 0.080182, train acc: 0.967305, train avg acc: 0.950759, train iou: 0.906623
Test 74, loss: 0.302120, test acc: 0.853575, test avg acc: 0.858176, test iou: 0.671982
Train 75, loss: 0.080728, train acc: 0.967009, train avg acc: 0.950321, train iou: 0.905831
Test 75, loss: 0.397947, test acc: 0.797589, test avg acc: 0.812724, test iou: 0.595040
Train 76, loss: 0.080274, train acc: 0.967231, train avg acc: 0.950576, train iou: 0.906389
Test 76, loss: 0.185873, test acc: 0.911119, test avg acc: 0.884724, test iou: 0.763908
Train 77, loss: 0.079915, train acc: 0.967405, train avg acc: 0.950945, train iou: 0.906890
Test 77, loss: 0.248717, test acc: 0.888048, test avg acc: 0.817924, test iou: 0.703016
Train 78, loss: 0.079611, train acc: 0.967484, train avg acc: 0.950985, train iou: 0.907090
Test 78, loss: 0.210612, test acc: 0.907537, test avg acc: 0.857005, test iou: 0.748336
Namespace(exp_name='dgcnn_sem_seg', model='dgcnn', dataset='S3DIS', test_area='25', batch_size=16, test_batch_size=8, epochs=5, use_sgd=False, lr=0.001, step_size=10, lr_decay=0.7, momentum=0.9, scheduler='cos', no_cuda=False, seed=1, eval=False, num_points=4096, dropout=0.5, emb_dims=1024, k=20, model_root='log/sem_seg/dgcnn_sem_seg/checkpoint/')
Using GPU : 0 from 1 devices
Train 0, loss: 0.137218, train acc: 0.945065, train avg acc: 0.934802, train iou: 0.867401
Test 0, loss: 0.108985, test acc: 0.951882, test avg acc: 0.949688, test iou: 0.861885
Train 1, loss: 0.109966, train acc: 0.956757, train avg acc: 0.949054, train iou: 0.893551
Test 1, loss: 0.098841, test acc: 0.957110, test avg acc: 0.945390, test iou: 0.872988
Train 2, loss: 0.102331, train acc: 0.959563, train avg acc: 0.952631, train iou: 0.900006
Test 2, loss: 0.099293, test acc: 0.957515, test avg acc: 0.944234, test iou: 0.873702
Train 3, loss: 0.099348, train acc: 0.960480, train avg acc: 0.953885, train iou: 0.902141
Test 3, loss: 0.107036, test acc: 0.954674, test avg acc: 0.955109, test iou: 0.869349
Namespace(exp_name='dgcnn_sem_seg', model='dgcnn', dataset='S3DIS', test_area='3', batch_size=16, test_batch_size=8, epochs=4, use_sgd=False, lr=0.001, step_size=10, lr_decay=0.7, momentum=0.9, scheduler='cos', no_cuda=False, seed=1, eval=False, num_points=4096, dropout=0.5, emb_dims=1024, k=20, model_root='log/sem_seg/dgcnn_sem_seg/checkpoint/')
Using GPU : 0 from 1 devices
Namespace(exp_name='dgcnn_sem_seg', model='dgcnn', dataset='S3DIS', test_area='27', batch_size=16, test_batch_size=8, epochs=4, use_sgd=False, lr=0.001, step_size=10, lr_decay=0.7, momentum=0.9, scheduler='cos', no_cuda=False, seed=1, eval=False, num_points=4096, dropout=0.5, emb_dims=1024, k=20, model_root='log/sem_seg/dgcnn_sem_seg/checkpoint/')
Using GPU : 0 from 1 devices
Train 0, loss: 0.402878, train acc: 0.823217, train avg acc: 0.818301, train iou: 0.695305
Test 0, loss: 0.372806, test acc: 0.825662, test avg acc: 0.793811, test iou: 0.678967
Train 1, loss: nan, train acc: 0.822663, train avg acc: 0.821098, train iou: 0.696038
Test 1, loss: nan, test acc: 0.414306, test avg acc: 0.500000, test iou: 0.207153
Train 2, loss: nan, train acc: 0.440147, train avg acc: 0.500000, train iou: 0.220073
Test 2, loss: nan, test acc: 0.414306, test avg acc: 0.500000, test iou: 0.207153
Train 3, loss: nan, train acc: 0.440283, train avg acc: 0.500000, train iou: 0.220142
Test 3, loss: nan, test acc: 0.414306, test avg acc: 0.500000, test iou: 0.207153
Namespace(exp_name='dgcnn_sem_seg', model='dgcnn', dataset='S3DIS', test_area='7', batch_size=16, test_batch_size=8, epochs=100, use_sgd=False, lr=0.001, step_size=10, lr_decay=0.7, momentum=0.9, scheduler='cos', no_cuda=False, seed=1, eval=False, num_points=4096, dropout=0.5, emb_dims=1024, k=20, model_root='log/sem_seg/dgcnn_sem_seg/checkpoint/')
Using GPU : 0 from 1 devices
Namespace(exp_name='dgcnn_sem_seg', model='dgcnn', dataset='S3DIS', test_area='7', batch_size=16, test_batch_size=8, epochs=100, use_sgd=False, lr=0.001, step_size=10, lr_decay=0.7, momentum=0.9, scheduler='cos', no_cuda=False, seed=1, eval=False, num_points=4096, dropout=0.5, emb_dims=1024, k=20, model_root='log/sem_seg/dgcnn_sem_seg/checkpoint/')
Using GPU : 0 from 1 devices
Namespace(exp_name='dgcnn_sem_seg', model='dgcnn', dataset='S3DIS', test_area='7', batch_size=16, test_batch_size=8, epochs=100, use_sgd=False, lr=0.001, step_size=10, lr_decay=0.7, momentum=0.9, scheduler='cos', no_cuda=False, seed=1, eval=False, num_points=4096, dropout=0.5, emb_dims=1024, k=20, model_root='log/sem_seg/dgcnn_sem_seg/checkpoint/')
Using GPU : 0 from 1 devices
Train 0, loss: 0.137426, train acc: 0.951285, train avg acc: 0.868898, train iou: 0.780455
Test 0, loss: 0.217651, test acc: 0.908129, test avg acc: 0.589829, test iou: 0.542844
Train 1, loss: 0.031610, train acc: 0.987925, train avg acc: 0.971750, train iou: 0.937365
Test 1, loss: 0.076153, test acc: 0.965734, test avg acc: 0.863891, test iou: 0.833626
Train 2, loss: 0.023119, train acc: 0.991156, train avg acc: 0.976598, train iou: 0.953048
Test 2, loss: 0.090318, test acc: 0.958992, test avg acc: 0.849045, test iou: 0.806742
Train 3, loss: 0.021439, train acc: 0.991639, train avg acc: 0.977480, train iou: 0.955679
Test 3, loss: 0.119385, test acc: 0.949912, test avg acc: 0.797027, test iou: 0.759157
Train 4, loss: 0.020009, train acc: 0.992113, train avg acc: 0.979095, train iou: 0.957989
Test 4, loss: 0.159155, test acc: 0.929293, test avg acc: 0.685616, test iou: 0.647995
Train 5, loss: 0.018377, train acc: 0.992660, train avg acc: 0.979478, train iou: 0.960791
Test 5, loss: 0.111504, test acc: 0.950442, test avg acc: 0.791070, test iou: 0.757834
Train 6, loss: 0.017206, train acc: 0.993036, train avg acc: 0.981202, train iou: 0.962649
Test 6, loss: 0.348507, test acc: 0.893216, test avg acc: 0.521334, test iou: 0.467697
Train 7, loss: 0.017229, train acc: 0.993001, train avg acc: 0.980497, train iou: 0.962608
Test 7, loss: 0.131132, test acc: 0.947474, test avg acc: 0.776970, test iou: 0.743022
Train 8, loss: 0.015709, train acc: 0.993546, train avg acc: 0.982274, train iou: 0.965483
Test 8, loss: 0.263172, test acc: 0.911399, test avg acc: 0.603375, test iou: 0.557970
Train 9, loss: 0.015770, train acc: 0.993548, train avg acc: 0.982838, train iou: 0.965588
Test 9, loss: 0.136851, test acc: 0.941151, test avg acc: 0.739040, test iou: 0.706794
Train 10, loss: 0.014768, train acc: 0.993924, train avg acc: 0.982762, train iou: 0.967344
Test 10, loss: 0.242695, test acc: 0.909676, test avg acc: 0.595774, test iou: 0.549568
Train 11, loss: 0.014742, train acc: 0.993914, train avg acc: 0.983231, train iou: 0.967264
Test 11, loss: 0.169124, test acc: 0.923857, test avg acc: 0.660159, test iou: 0.620330
Train 12, loss: 0.015451, train acc: 0.993605, train avg acc: 0.982477, train iou: 0.965716
Test 12, loss: 0.300462, test acc: 0.920669, test avg acc: 0.646324, test iou: 0.604934
Train 13, loss: 0.013780, train acc: 0.994295, train avg acc: 0.984370, train iou: 0.969243
Test 13, loss: 0.275479, test acc: 0.917080, test avg acc: 0.628949, test iou: 0.586149
Train 14, loss: 0.013981, train acc: 0.994185, train avg acc: 0.984117, train iou: 0.968583
Test 14, loss: 0.168277, test acc: 0.932941, test avg acc: 0.700480, test iou: 0.665017
Train 15, loss: 0.015392, train acc: 0.993569, train avg acc: 0.982264, train iou: 0.965399
Test 15, loss: 0.344202, test acc: 0.901771, test avg acc: 0.559942, test iou: 0.510164
Train 16, loss: 0.014053, train acc: 0.994137, train avg acc: 0.983857, train iou: 0.968500
Test 16, loss: 0.460004, test acc: 0.890106, test avg acc: 0.507278, test iou: 0.452242
Train 17, loss: 0.014522, train acc: 0.993933, train avg acc: 0.983394, train iou: 0.967413
Test 17, loss: 0.406288, test acc: 0.895646, test avg acc: 0.532301, test iou: 0.479759
Train 18, loss: 0.013696, train acc: 0.994334, train avg acc: 0.984559, train iou: 0.969527
Test 18, loss: 0.310197, test acc: 0.896997, test avg acc: 0.538473, test iou: 0.486542
Train 19, loss: 0.013020, train acc: 0.994563, train avg acc: 0.984959, train iou: 0.970743
Test 19, loss: 0.192370, test acc: 0.924731, test avg acc: 0.664397, test iou: 0.624892
Train 20, loss: 0.012823, train acc: 0.994676, train avg acc: 0.985271, train iou: 0.971281
Test 20, loss: 0.284944, test acc: 0.911303, test avg acc: 0.602926, test iou: 0.557479
Train 21, loss: 0.013915, train acc: 0.994146, train avg acc: 0.984245, train iou: 0.968700
Test 21, loss: 0.214080, test acc: 0.923463, test avg acc: 0.658568, test iou: 0.618515
Train 22, loss: 0.012898, train acc: 0.994630, train avg acc: 0.985554, train iou: 0.971271
Test 22, loss: 0.420884, test acc: 0.898332, test avg acc: 0.544240, test iou: 0.492903
Train 23, loss: 0.012538, train acc: 0.994785, train avg acc: 0.986269, train iou: 0.972027
Test 23, loss: 0.232675, test acc: 0.930287, test avg acc: 0.688251, test iou: 0.651630
Train 24, loss: 0.012891, train acc: 0.994631, train avg acc: 0.984777, train iou: 0.971110
Test 24, loss: 0.374761, test acc: 0.903992, test avg acc: 0.569992, test iou: 0.521218
Train 25, loss: 0.012544, train acc: 0.994754, train avg acc: 0.985850, train iou: 0.971741
Test 25, loss: 0.278108, test acc: 0.908632, test avg acc: 0.590937, test iou: 0.544268
Train 26, loss: 0.012752, train acc: 0.994659, train avg acc: 0.985164, train iou: 0.971229
Test 26, loss: 0.347983, test acc: 0.898553, test avg acc: 0.545349, test iou: 0.494115
Train 27, loss: 0.012711, train acc: 0.994725, train avg acc: 0.985817, train iou: 0.971607
Test 27, loss: 0.255543, test acc: 0.907042, test avg acc: 0.583672, test iou: 0.536286
Train 28, loss: 0.012237, train acc: 0.994913, train avg acc: 0.986240, train iou: 0.972576
Test 28, loss: 0.357168, test acc: 0.903353, test avg acc: 0.566784, test iou: 0.517729
Train 29, loss: 0.011480, train acc: 0.995233, train avg acc: 0.986491, train iou: 0.974209
Test 29, loss: 0.347493, test acc: 0.912374, test avg acc: 0.607444, test iou: 0.562521
Train 30, loss: 0.012825, train acc: 0.994662, train avg acc: 0.985552, train iou: 0.971293
Test 30, loss: 0.480245, test acc: 0.895341, test avg acc: 0.530773, test iou: 0.478084
Train 31, loss: 0.011958, train acc: 0.994983, train avg acc: 0.986053, train iou: 0.972972
Test 31, loss: 0.505344, test acc: 0.893949, test avg acc: 0.524507, test iou: 0.471191
Train 32, loss: 0.012208, train acc: 0.994909, train avg acc: 0.986012, train iou: 0.972539
Test 32, loss: 0.361859, test acc: 0.903419, test avg acc: 0.567049, test iou: 0.518025
Train 33, loss: 0.011439, train acc: 0.995253, train avg acc: 0.986862, train iou: 0.974376
Test 33, loss: 0.458617, test acc: 0.892844, test avg acc: 0.519622, test iou: 0.465816
Train 34, loss: 0.010993, train acc: 0.995422, train avg acc: 0.987524, train iou: 0.975360
Test 34, loss: 0.414053, test acc: 0.894348, test avg acc: 0.526364, test iou: 0.473232
Train 35, loss: 0.010900, train acc: 0.995456, train avg acc: 0.987568, train iou: 0.975476
Test 35, loss: 0.553517, test acc: 0.892527, test avg acc: 0.518147, test iou: 0.464194
Train 36, loss: 0.010939, train acc: 0.995435, train avg acc: 0.987604, train iou: 0.975373
Test 36, loss: 0.532662, test acc: 0.894200, test avg acc: 0.525671, test iou: 0.472470
Train 37, loss: 0.010839, train acc: 0.995481, train avg acc: 0.987346, train iou: 0.975576
Test 37, loss: 0.363011, test acc: 0.898898, test avg acc: 0.546847, test iou: 0.495768
Train 38, loss: 0.010885, train acc: 0.995442, train avg acc: 0.987682, train iou: 0.975369
Test 38, loss: 0.350917, test acc: 0.907598, test avg acc: 0.585867, test iou: 0.538755
Train 39, loss: 0.011677, train acc: 0.995188, train avg acc: 0.986366, train iou: 0.974004
Test 39, loss: 0.616456, test acc: 0.889501, test avg acc: 0.504557, test iou: 0.449251
Train 40, loss: 0.011602, train acc: 0.995188, train avg acc: 0.987342, train iou: 0.973996
Test 40, loss: 0.399209, test acc: 0.899064, test avg acc: 0.547547, test iou: 0.496542
Train 41, loss: 0.012673, train acc: 0.994679, train avg acc: 0.985126, train iou: 0.971294
Test 41, loss: 0.557537, test acc: 0.893436, test avg acc: 0.522223, test iou: 0.468678
Train 42, loss: 0.011473, train acc: 0.995232, train avg acc: 0.986944, train iou: 0.974289
Test 42, loss: 0.554035, test acc: 0.890461, test avg acc: 0.508866, test iou: 0.453988
Train 43, loss: 0.010593, train acc: 0.995564, train avg acc: 0.987735, train iou: 0.975972
Test 43, loss: 0.378271, test acc: 0.900291, test avg acc: 0.553056, test iou: 0.502607
Train 44, loss: 0.011072, train acc: 0.995417, train avg acc: 0.987235, train iou: 0.975152
Test 44, loss: 0.518295, test acc: 0.892805, test avg acc: 0.519397, test iou: 0.465569
Train 45, loss: 0.011670, train acc: 0.995104, train avg acc: 0.986702, train iou: 0.973584
Test 45, loss: 0.539644, test acc: 0.889584, test avg acc: 0.504947, test iou: 0.449680
Train 46, loss: 0.011356, train acc: 0.995235, train avg acc: 0.987016, train iou: 0.974291
Test 46, loss: 0.594972, test acc: 0.891278, test avg acc: 0.512541, test iou: 0.458029
Train 47, loss: 0.010583, train acc: 0.995561, train avg acc: 0.987642, train iou: 0.976020
Test 47, loss: 0.475610, test acc: 0.893913, test avg acc: 0.524353, test iou: 0.471021
Train 48, loss: 0.010839, train acc: 0.995444, train avg acc: 0.987469, train iou: 0.975338
Test 48, loss: 0.424059, test acc: 0.903386, test avg acc: 0.567007, test iou: 0.517965
Train 49, loss: 0.010812, train acc: 0.995498, train avg acc: 0.987842, train iou: 0.975719
Test 49, loss: 0.508121, test acc: 0.895154, test avg acc: 0.529957, test iou: 0.477186
Train 50, loss: 0.010663, train acc: 0.995562, train avg acc: 0.987472, train iou: 0.976080
Test 50, loss: 0.391718, test acc: 0.894449, test avg acc: 0.526902, test iou: 0.473821
Train 51, loss: 0.010381, train acc: 0.995694, train avg acc: 0.988298, train iou: 0.976739
Test 51, loss: 0.265686, test acc: 0.913005, test avg acc: 0.610383, test iou: 0.565739
Train 52, loss: 0.011495, train acc: 0.995215, train avg acc: 0.986452, train iou: 0.974046
Test 52, loss: 0.754070, test acc: 0.888489, test avg acc: 0.500023, test iou: 0.444268
Train 53, loss: 0.010990, train acc: 0.995425, train avg acc: 0.987816, train iou: 0.975386
Test 53, loss: 0.497440, test acc: 0.897254, test avg acc: 0.539393, test iou: 0.487569
Train 54, loss: 0.010582, train acc: 0.995568, train avg acc: 0.987663, train iou: 0.975911
Test 54, loss: 0.493942, test acc: 0.892677, test avg acc: 0.518868, test iou: 0.464987
Train 55, loss: 0.010137, train acc: 0.995762, train avg acc: 0.988444, train iou: 0.977047
Test 55, loss: 0.633403, test acc: 0.889869, test avg acc: 0.506218, test iou: 0.451077
Train 56, loss: 0.011522, train acc: 0.995190, train avg acc: 0.986653, train iou: 0.974123
Test 56, loss: 0.809211, test acc: 0.888506, test avg acc: 0.500096, test iou: 0.444348
Train 57, loss: 0.011552, train acc: 0.995195, train avg acc: 0.986495, train iou: 0.974058
Test 57, loss: 0.674671, test acc: 0.889590, test avg acc: 0.504964, test iou: 0.449698
Train 58, loss: 0.010874, train acc: 0.995453, train avg acc: 0.987680, train iou: 0.975404
Test 58, loss: 0.630948, test acc: 0.895936, test avg acc: 0.533546, test iou: 0.481131
Train 59, loss: 0.011390, train acc: 0.995240, train avg acc: 0.987153, train iou: 0.974310
Test 59, loss: 0.480106, test acc: 0.898238, test avg acc: 0.543869, test iou: 0.492491
Train 60, loss: 0.010272, train acc: 0.995705, train avg acc: 0.987640, train iou: 0.976773
Test 60, loss: 0.479692, test acc: 0.891827, test avg acc: 0.515047, test iou: 0.460785
Train 61, loss: 0.010071, train acc: 0.995805, train avg acc: 0.988335, train iou: 0.977279
Test 61, loss: 0.708827, test acc: 0.888501, test avg acc: 0.500075, test iou: 0.444325
Train 62, loss: 0.010147, train acc: 0.995741, train avg acc: 0.988527, train iou: 0.976934
Test 62, loss: 0.485002, test acc: 0.892874, test avg acc: 0.519735, test iou: 0.465940
Train 63, loss: 0.010661, train acc: 0.995542, train avg acc: 0.987646, train iou: 0.975930
Test 63, loss: 0.726605, test acc: 0.888487, test avg acc: 0.500010, test iou: 0.444253
Train 64, loss: 0.010699, train acc: 0.995599, train avg acc: 0.988007, train iou: 0.976228
Test 64, loss: 0.385770, test acc: 0.904480, test avg acc: 0.572008, test iou: 0.523462
Train 65, loss: 0.010752, train acc: 0.995496, train avg acc: 0.988071, train iou: 0.975680
Test 65, loss: 0.841592, test acc: 0.888599, test avg acc: 0.500514, test iou: 0.444807
Train 66, loss: 0.011221, train acc: 0.995329, train avg acc: 0.987167, train iou: 0.974774
Test 66, loss: 0.744134, test acc: 0.888497, test avg acc: 0.500057, test iou: 0.444305
Train 67, loss: 0.010505, train acc: 0.995591, train avg acc: 0.987815, train iou: 0.976141
Test 67, loss: 0.743410, test acc: 0.888550, test avg acc: 0.500298, test iou: 0.444569
Train 68, loss: 0.010224, train acc: 0.995676, train avg acc: 0.988320, train iou: 0.976574
Test 68, loss: 0.399749, test acc: 0.907613, test avg acc: 0.585945, test iou: 0.538839
Train 69, loss: 0.010093, train acc: 0.995785, train avg acc: 0.988025, train iou: 0.977215
Test 69, loss: 0.612484, test acc: 0.888702, test avg acc: 0.501049, test iou: 0.445397
Train 70, loss: 0.009657, train acc: 0.995929, train avg acc: 0.989053, train iou: 0.978016
Test 70, loss: 0.737324, test acc: 0.889619, test avg acc: 0.505151, test iou: 0.449905
Train 71, loss: 0.010099, train acc: 0.995779, train avg acc: 0.988315, train iou: 0.977109
Test 71, loss: 0.562145, test acc: 0.894495, test avg acc: 0.527078, test iou: 0.474015
Train 72, loss: 0.010063, train acc: 0.995786, train avg acc: 0.988354, train iou: 0.977118
Test 72, loss: 0.568763, test acc: 0.889619, test avg acc: 0.505130, test iou: 0.449882
Train 73, loss: 0.010720, train acc: 0.995516, train avg acc: 0.987475, train iou: 0.975674
Test 73, loss: 0.800654, test acc: 0.888516, test avg acc: 0.500140, test iou: 0.444396
Train 74, loss: 0.011296, train acc: 0.995294, train avg acc: 0.987136, train iou: 0.974616
Test 74, loss: 0.626985, test acc: 0.890790, test avg acc: 0.510396, test iou: 0.455671
Train 75, loss: 0.009740, train acc: 0.995938, train avg acc: 0.988562, train iou: 0.977954
Test 75, loss: 0.740496, test acc: 0.888904, test avg acc: 0.501896, test iou: 0.446326
Train 76, loss: 0.010035, train acc: 0.995819, train avg acc: 0.988229, train iou: 0.977305
Test 76, loss: 0.536545, test acc: 0.892893, test avg acc: 0.519891, test iou: 0.466111
Train 77, loss: 0.009549, train acc: 0.995984, train avg acc: 0.988759, train iou: 0.978212
Test 77, loss: 0.685191, test acc: 0.888616, test avg acc: 0.500640, test iou: 0.444947
Train 78, loss: 0.011339, train acc: 0.995284, train avg acc: 0.987449, train iou: 0.974539
Test 78, loss: 0.948281, test acc: 0.888492, test avg acc: 0.500033, test iou: 0.444279
Train 79, loss: 0.010878, train acc: 0.995422, train avg acc: 0.987284, train iou: 0.975241
Test 79, loss: 0.629131, test acc: 0.888998, test avg acc: 0.502352, test iou: 0.446829
Train 80, loss: 0.009850, train acc: 0.995913, train avg acc: 0.988705, train iou: 0.977929
Test 80, loss: 0.600071, test acc: 0.889212, test avg acc: 0.503399, test iou: 0.447982
Train 81, loss: 0.010162, train acc: 0.995746, train avg acc: 0.988459, train iou: 0.977070
Test 81, loss: 0.470518, test acc: 0.895865, test avg acc: 0.533258, test iou: 0.480813
Train 82, loss: 0.009847, train acc: 0.995868, train avg acc: 0.988275, train iou: 0.977596
Test 82, loss: 0.657140, test acc: 0.890098, test avg acc: 0.507361, test iou: 0.452336
Train 83, loss: 0.009911, train acc: 0.995815, train avg acc: 0.988998, train iou: 0.977474
Test 83, loss: 0.617678, test acc: 0.888724, test avg acc: 0.501160, test iou: 0.445520
Train 84, loss: 0.009455, train acc: 0.996026, train avg acc: 0.989132, train iou: 0.978449
Test 84, loss: 0.439625, test acc: 0.897479, test avg acc: 0.540616, test iou: 0.488901
Train 85, loss: 0.009686, train acc: 0.995892, train avg acc: 0.988391, train iou: 0.977643
Test 85, loss: 0.533094, test acc: 0.889585, test avg acc: 0.505090, test iou: 0.449840
Train 86, loss: 0.009798, train acc: 0.995914, train avg acc: 0.989123, train iou: 0.977943
Test 86, loss: 0.524014, test acc: 0.893884, test avg acc: 0.524359, test iou: 0.471024
Train 87, loss: 0.009869, train acc: 0.995839, train avg acc: 0.988184, train iou: 0.977467
Test 87, loss: 0.944368, test acc: 0.888484, test avg acc: 0.500000, test iou: 0.444242
Train 88, loss: 0.010520, train acc: 0.995626, train avg acc: 0.988226, train iou: 0.976304
Test 88, loss: 0.526344, test acc: 0.892502, test avg acc: 0.518204, test iou: 0.464255
Train 89, loss: 0.010471, train acc: 0.995631, train avg acc: 0.987920, train iou: 0.976375
Test 89, loss: 0.625738, test acc: 0.889170, test avg acc: 0.503128, test iou: 0.447682
Train 90, loss: 0.009673, train acc: 0.995986, train avg acc: 0.988757, train iou: 0.978230
Test 90, loss: 0.466210, test acc: 0.893026, test avg acc: 0.520593, test iou: 0.466881
Train 91, loss: 0.009786, train acc: 0.995891, train avg acc: 0.988578, train iou: 0.977800
Test 91, loss: 0.473737, test acc: 0.895769, test avg acc: 0.532981, test iou: 0.480500
Train 92, loss: 0.009402, train acc: 0.996071, train avg acc: 0.989403, train iou: 0.978670
Test 92, loss: 0.470340, test acc: 0.890822, test avg acc: 0.510638, test iou: 0.455937
Train 93, loss: 0.009545, train acc: 0.995970, train avg acc: 0.989054, train iou: 0.978220
Test 93, loss: 0.814347, test acc: 0.888485, test avg acc: 0.500003, test iou: 0.444246
Train 94, loss: 0.009090, train acc: 0.996155, train avg acc: 0.989322, train iou: 0.979151
Test 94, loss: 0.483420, test acc: 0.897754, test avg acc: 0.541796, test iou: 0.490203
Train 95, loss: 0.009355, train acc: 0.996088, train avg acc: 0.989072, train iou: 0.978820
Test 95, loss: 0.387598, test acc: 0.901016, test avg acc: 0.556518, test iou: 0.506398
Train 96, loss: 0.009131, train acc: 0.996164, train avg acc: 0.989437, train iou: 0.979116
Test 96, loss: 0.772635, test acc: 0.888720, test avg acc: 0.501128, test iou: 0.445484
Train 97, loss: 0.009244, train acc: 0.996149, train avg acc: 0.989628, train iou: 0.979054
Test 97, loss: 0.684354, test acc: 0.888804, test avg acc: 0.501487, test iou: 0.445879
Train 98, loss: 0.009637, train acc: 0.995975, train avg acc: 0.988693, train iou: 0.978150
Test 98, loss: 0.852203, test acc: 0.888575, test avg acc: 0.500413, test iou: 0.444696
Train 99, loss: 0.009811, train acc: 0.995861, train avg acc: 0.988781, train iou: 0.977563
Test 99, loss: 0.767562, test acc: 0.888614, test avg acc: 0.500586, test iou: 0.444886
